2022-10-21T17:19:30.944 D/OffWorkView$bindViewModel: [accelerometer] speed:0.082343966,speedAccuracy:0.7684948,hasSpeedAccuracy:true,interval:1000,acceleration:0.0152643025
2022-10-21T17:19:31.932 D/OffWorkView$bindViewModel: [accelerometer] speed:0.11508087,speedAccuracy:0.819385,hasSpeedAccuracy:true,interval:1000,acceleration:0.032736905
2022-10-21T17:19:32.879 D/OffWorkView$bindViewModel: [accelerometer] speed:0.115050346,speedAccuracy:0.819385,hasSpeedAccuracy:true,interval:2752,acceleration:-1.1091944E-5
2022-10-21T17:19:33.939 D/OffWorkView$bindViewModel: [accelerometer] speed:0.14112313,speedAccuracy:0.78450817,hasSpeedAccuracy:true,interval:-752,acceleration:-0.03467126
2022-10-21T17:19:34.930 D/OffWorkView$bindViewModel: [accelerometer] speed:0.04565706,speedAccuracy:0.79380554,hasSpeedAccuracy:true,interval:1000,acceleration:-0.09546607
2022-10-21T17:19:35.942 D/OffWorkView$bindViewModel: [accelerometer] speed:0.114501834,speedAccuracy:0.90230215,hasSpeedAccuracy:true,interval:1000,acceleration:0.06884477
2022-10-21T17:19:36.924 D/OffWorkView$bindViewModel: [accelerometer] speed:0.06530853,speedAccuracy:0.93735594,hasSpeedAccuracy:true,interval:1000,acceleration:-0.0491933
2022-10-21T17:19:37.930 D/OffWorkView$bindViewModel: [accelerometer] speed:0.06527067,speedAccuracy:0.93735594,hasSpeedAccuracy:true,interval:2847,acceleration:-1.3299561E-5
2022-10-21T17:19:38.970 D/OffWorkView$bindViewModel: [accelerometer] speed:0.37104166,speedAccuracy:0.9792665,hasSpeedAccuracy:true,interval:-847,acceleration:-0.36100474
2022-10-21T17:19:39.931 D/OffWorkView$bindViewModel: [accelerometer] speed:0.15450884,speedAccuracy:0.9420932,hasSpeedAccuracy:true,interval:1000,acceleration:-0.21653281
2022-10-21T17:19:40.930 D/OffWorkView$bindViewModel: [accelerometer] speed:0.017240686,speedAccuracy:0.7210041,hasSpeedAccuracy:true,interval:1000,acceleration:-0.13726816
2022-10-21T17:19:41.931 D/OffWorkView$bindViewModel: [accelerometer] speed:0.052334405,speedAccuracy:0.7256597,hasSpeedAccuracy:true,interval:1000,acceleration:0.035093717
2022-10-21T17:19:42.947 D/OffWorkView$bindViewModel: [accelerometer] speed:0.06997205,speedAccuracy:0.6782636,hasSpeedAccuracy:true,interval:1000,acceleration:0.017637648
2022-10-21T17:19:43.941 D/OffWorkView$bindViewModel: [accelerometer] speed:0.034018498,speedAccuracy:0.6766565,hasSpeedAccuracy:true,interval:1000,acceleration:-0.035953555
2022-10-21T17:19:44.940 D/OffWorkView$bindViewModel: [accelerometer] speed:0.49753618,speedAccuracy:0.632185,hasSpeedAccuracy:true,interval:1000,acceleration:0.4635177
2022-10-21T17:19:45.915 D/OffWorkView$bindViewModel: [accelerometer] speed:0.1705355,speedAccuracy:0.71420467,hasSpeedAccuracy:true,interval:1000,acceleration:-0.32700068
2022-10-21T17:19:46.911 D/OffWorkView$bindViewModel: [accelerometer] speed:0.06312225,speedAccuracy:0.10053277,hasSpeedAccuracy:true,interval:1000,acceleration:-0.107413255
2022-10-21T17:19:47.938 D/OffWorkView$bindViewModel: [accelerometer] speed:0.11157303,speedAccuracy:0.096958116,hasSpeedAccuracy:true,interval:1000,acceleration:0.048450783
2022-10-21T17:19:48.935 D/OffWorkView$bindViewModel: [accelerometer] speed:0.08254858,speedAccuracy:0.09644097,hasSpeedAccuracy:true,interval:1000,acceleration:-0.029024452
2022-10-21T17:19:49.952 D/OffWorkView$bindViewModel: [accelerometer] speed:0.100997604,speedAccuracy:0.09605497,hasSpeedAccuracy:true,interval:1000,acceleration:0.018449023
2022-10-21T17:19:50.927 D/OffWorkView$bindViewModel: [accelerometer] speed:2.7628007E-6,speedAccuracy:0.09582648,hasSpeedAccuracy:true,interval:1000,acceleration:-0.10099484
2022-10-21T17:19:51.942 D/OffWorkView$bindViewModel: [accelerometer] speed:9.904207E-9,speedAccuracy:0.28372142,hasSpeedAccuracy:true,interval:1000,acceleration:-2.7528965E-6
2022-10-21T17:19:52.947 D/OffWorkView$bindViewModel: [accelerometer] speed:0.8705057,speedAccuracy:0.40233058,hasSpeedAccuracy:true,interval:1000,acceleration:0.8705057
2022-10-21T17:19:53.943 D/OffWorkView$bindViewModel: [accelerometer] speed:2.2655256,speedAccuracy:0.5330292,hasSpeedAccuracy:true,interval:1000,acceleration:1.3950199
2022-10-21T17:19:54.925 D/OffWorkView$bindViewModel: [accelerometer] speed:7.7331533,speedAccuracy:0.67195284,hasSpeedAccuracy:true,interval:1000,acceleration:5.4676275
2022-10-21T17:19:55.945 D/OffWorkView$bindViewModel: [accelerometer] speed:13.112246,speedAccuracy:0.83060133,hasSpeedAccuracy:true,interval:1000,acceleration:5.379092
2022-10-21T17:19:56.922 D/OffWorkView$bindViewModel: [accelerometer] speed:15.818386,speedAccuracy:0.99949265,hasSpeedAccuracy:true,interval:1000,acceleration:2.7061405
2022-10-21T17:19:57.958 D/OffWorkView$bindViewModel: [accelerometer] speed:20.591856,speedAccuracy:1.1715473,hasSpeedAccuracy:true,interval:1000,acceleration:4.77347
2022-10-21T17:19:58.931 D/OffWorkView$bindViewModel: [accelerometer] speed:24.777157,speedAccuracy:1.3298471,hasSpeedAccuracy:true,interval:1000,acceleration:4.185301
2022-10-21T17:19:59.943 D/OffWorkView$bindViewModel: [accelerometer] speed:27.92953,speedAccuracy:1.503886,hasSpeedAccuracy:true,interval:1000,acceleration:3.1523724
2022-10-21T17:20:00.928 D/OffWorkView$bindViewModel: [accelerometer] speed:30.263584,speedAccuracy:1.574165,hasSpeedAccuracy:true,interval:1000,acceleration:2.334055
2022-10-21T17:20:01.935 D/OffWorkView$bindViewModel: [accelerometer] speed:36.08149,speedAccuracy:1.7333353,hasSpeedAccuracy:true,interval:1000,acceleration:5.8179054
2022-10-21T17:20:02.932 D/OffWorkView$bindViewModel: [accelerometer] speed:39.17395,speedAccuracy:1.7451427,hasSpeedAccuracy:true,interval:1000,acceleration:3.0924606
2022-10-21T17:20:03.940 D/OffWorkView$bindViewModel: [accelerometer] speed:40.763233,speedAccuracy:1.6927599,hasSpeedAccuracy:true,interval:1000,acceleration:1.589283
2022-10-21T17:20:04.926 D/OffWorkView$bindViewModel: [accelerometer] speed:42.72666,speedAccuracy:1.7987207,hasSpeedAccuracy:true,interval:1000,acceleration:1.9634285
2022-10-21T17:20:05.942 D/OffWorkView$bindViewModel: [accelerometer] speed:44.03568,speedAccuracy:1.5548468,hasSpeedAccuracy:true,interval:1000,acceleration:1.3090172
2022-10-21T17:20:06.919 D/OffWorkView$bindViewModel: [accelerometer] speed:45.061558,speedAccuracy:1.4846534,hasSpeedAccuracy:true,interval:1000,acceleration:1.0258789
2022-10-21T17:20:07.918 D/OffWorkView$bindViewModel: [accelerometer] speed:44.84154,speedAccuracy:1.4119107,hasSpeedAccuracy:true,interval:1000,acceleration:-0.22001648
2022-10-21T17:20:08.908 D/OffWorkView$bindViewModel: [accelerometer] speed:44.76073,speedAccuracy:1.4391457,hasSpeedAccuracy:true,interval:1000,acceleration:-0.08081055
2022-10-21T17:20:09.939 D/OffWorkView$bindViewModel: [accelerometer] speed:45.358707,speedAccuracy:1.4130467,hasSpeedAccuracy:true,interval:1000,acceleration:0.5979767
2022-10-21T17:20:10.924 D/OffWorkView$bindViewModel: [accelerometer] speed:45.29685,speedAccuracy:1.4360291,hasSpeedAccuracy:true,interval:1000,acceleration:-0.06185913
2022-10-21T17:20:11.934 D/OffWorkView$bindViewModel: [accelerometer] speed:46.225018,speedAccuracy:1.4112889,hasSpeedAccuracy:true,interval:1000,acceleration:0.92816925
2022-10-21T17:20:12.929 D/OffWorkView$bindViewModel: [accelerometer] speed:46.260754,speedAccuracy:1.4928201,hasSpeedAccuracy:true,interval:1000,acceleration:0.035736084
2022-10-21T17:20:13.940 D/OffWorkView$bindViewModel: [accelerometer] speed:44.148106,speedAccuracy:1.4595717,hasSpeedAccuracy:true,interval:1000,acceleration:-2.112648
2022-10-21T17:20:14.928 D/OffWorkView$bindViewModel: [accelerometer] speed:40.600636,speedAccuracy:1.498238,hasSpeedAccuracy:true,interval:1000,acceleration:-3.54747
2022-10-21T17:20:15.935 D/OffWorkView$bindViewModel: [accelerometer] speed:36.75125,speedAccuracy:1.4158617,hasSpeedAccuracy:true,interval:1000,acceleration:-3.8493843
2022-10-21T17:20:16.921 D/OffWorkView$bindViewModel: [accelerometer] speed:33.39488,speedAccuracy:1.5134293,hasSpeedAccuracy:true,interval:1000,acceleration:-3.3563728
2022-10-21T17:20:17.910 D/OffWorkView$bindViewModel: [accelerometer] speed:29.745586,speedAccuracy:1.5435133,hasSpeedAccuracy:true,interval:1000,acceleration:-3.649292
2022-10-21T17:20:18.934 D/OffWorkView$bindViewModel: [accelerometer] speed:27.4874,speedAccuracy:1.6116558,hasSpeedAccuracy:true,interval:1000,acceleration:-2.2581863
2022-10-21T17:20:19.936 D/OffWorkView$bindViewModel: [accelerometer] speed:26.130262,speedAccuracy:1.7609149,hasSpeedAccuracy:true,interval:1000,acceleration:-1.3571377
2022-10-21T17:20:20.926 D/OffWorkView$bindViewModel: [accelerometer] speed:25.58032,speedAccuracy:1.9035957,hasSpeedAccuracy:true,interval:1000,acceleration:-0.549942
2022-10-21T17:20:21.924 D/OffWorkView$bindViewModel: [accelerometer] speed:25.796698,speedAccuracy:1.847654,hasSpeedAccuracy:true,interval:2000,acceleration:-0.16678238
2022-10-21T17:20:22.932 D/OffWorkView$bindViewModel: [accelerometer] speed:24.931517,speedAccuracy:1.9606276,hasSpeedAccuracy:true,interval:3000,acceleration:-0.3995819
2022-10-21T17:20:23.926 D/OffWorkView$bindViewModel: [accelerometer] speed:20.847095,speedAccuracy:1.9025477,hasSpeedAccuracy:true,interval:4000,acceleration:-1.3207917
2022-10-21T17:20:24.918 D/OffWorkView$bindViewModel: [accelerometer] speed:20.383251,speedAccuracy:1.9460838,hasSpeedAccuracy:true,interval:5000,acceleration:-1.1494023
2022-10-21T17:20:25.934 D/OffWorkView$bindViewModel: [accelerometer] speed:21.375711,speedAccuracy:1.2262034,hasSpeedAccuracy:true,interval:6000,acceleration:-0.79242516
2022-10-21T17:20:26.919 D/OffWorkView$bindViewModel: [accelerometer] speed:24.720201,speedAccuracy:1.2890074,hasSpeedAccuracy:true,interval:1000,acceleration:3.34449
2022-10-21T17:20:27.940 D/OffWorkView$bindViewModel: [accelerometer] speed:29.43021,speedAccuracy:1.3794527,hasSpeedAccuracy:true,interval:1000,acceleration:4.7100086
2022-10-21T17:20:28.929 D/OffWorkView$bindViewModel: [accelerometer] speed:32.57846,speedAccuracy:1.4981225,hasSpeedAccuracy:true,interval:1000,acceleration:3.1482506
2022-10-21T17:20:29.924 D/OffWorkView$bindViewModel: [accelerometer] speed:33.345104,speedAccuracy:1.6151166,hasSpeedAccuracy:true,interval:1000,acceleration:0.7666435
2022-10-21T17:20:30.932 D/OffWorkView$bindViewModel: [accelerometer] speed:30.109673,speedAccuracy:1.4319386,hasSpeedAccuracy:true,interval:1000,acceleration:-3.2354317
2022-10-21T17:20:31.930 D/OffWorkView$bindViewModel: [accelerometer] speed:25.090933,speedAccuracy:1.4616656,hasSpeedAccuracy:true,interval:1000,acceleration:-5.0187397
2022-10-21T17:20:32.954 D/OffWorkView$bindViewModel: [accelerometer] speed:16.72553,speedAccuracy:1.5010265,hasSpeedAccuracy:true,interval:1000,acceleration:-8.365402
2022-10-21T17:20:33.956 D/OffWorkView$bindViewModel: [accelerometer] speed:11.932192,speedAccuracy:1.5593759,hasSpeedAccuracy:true,interval:1000,acceleration:-4.793339
2022-10-21T17:20:34.952 D/OffWorkView$bindViewModel: [accelerometer] speed:8.430917,speedAccuracy:1.2713653,hasSpeedAccuracy:true,interval:1000,acceleration:-3.501275
2022-10-21T17:20:35.927 D/OffWorkView$bindViewModel: [accelerometer] speed:8.894197,speedAccuracy:0.855898,hasSpeedAccuracy:true,interval:1000,acceleration:0.46328068
2022-10-21T17:20:36.918 D/OffWorkView$bindViewModel: [accelerometer] speed:9.990909,speedAccuracy:0.823894,hasSpeedAccuracy:true,interval:1000,acceleration:1.0967112
2022-10-21T17:20:37.937 D/OffWorkView$bindViewModel: [accelerometer] speed:10.870736,speedAccuracy:0.7293047,hasSpeedAccuracy:true,interval:1000,acceleration:0.8798275
2022-10-21T17:20:38.930 D/OffWorkView$bindViewModel: [accelerometer] speed:11.68115,speedAccuracy:0.80007327,hasSpeedAccuracy:true,interval:1000,acceleration:0.8104143
2022-10-21T17:20:39.951 D/OffWorkView$bindViewModel: [accelerometer] speed:11.610522,speedAccuracy:0.75518674,hasSpeedAccuracy:true,interval:1000,acceleration:-0.070628166
2022-10-21T17:20:40.811 D/OffWorkView$bindViewModel: [accelerometer] speed:11.608121,speedAccuracy:0.75518674,hasSpeedAccuracy:true,interval:2339,acceleration:-0.0010266575
2022-10-21T17:20:40.947 D/OffWorkView$bindViewModel: [accelerometer] speed:13.329794,speedAccuracy:0.84098357,hasSpeedAccuracy:true,interval:-1339,acceleration:-1.2857901
2022-10-21T17:20:41.925 D/OffWorkView$bindViewModel: [accelerometer] speed:20.210493,speedAccuracy:1.0161415,hasSpeedAccuracy:true,interval:1000,acceleration:6.880699
2022-10-21T17:20:41.958 D/OffWorkView$bindViewModel: [accelerometer] 급가속
2022-10-21T17:20:42.951 D/OffWorkView$bindViewModel: [accelerometer] speed:24.485117,speedAccuracy:1.2081041,hasSpeedAccuracy:true,interval:1000,acceleration:4.274624
2022-10-21T17:20:43.932 D/OffWorkView$bindViewModel: [accelerometer] speed:25.65314,speedAccuracy:1.4125161,hasSpeedAccuracy:true,interval:1000,acceleration:1.1680222
2022-10-21T17:20:44.932 D/OffWorkView$bindViewModel: [accelerometer] speed:24.594046,speedAccuracy:1.457652,hasSpeedAccuracy:true,interval:1000,acceleration:-1.0590935
2022-10-21T17:20:45.938 D/OffWorkView$bindViewModel: [accelerometer] speed:27.839378,speedAccuracy:1.5426179,hasSpeedAccuracy:true,interval:1000,acceleration:3.2453327
2022-10-21T17:20:46.948 D/OffWorkView$bindViewModel: [accelerometer] speed:27.616564,speedAccuracy:1.609127,hasSpeedAccuracy:true,interval:1000,acceleration:-0.22281456
2022-10-21T17:20:47.948 D/OffWorkView$bindViewModel: [accelerometer] speed:28.458376,speedAccuracy:1.6968135,hasSpeedAccuracy:true,interval:1000,acceleration:0.84181213
2022-10-21T17:20:48.944 D/OffWorkView$bindViewModel: [accelerometer] speed:29.221596,speedAccuracy:1.7989345,hasSpeedAccuracy:true,interval:1000,acceleration:0.76321983
2022-10-21T17:20:49.946 D/OffWorkView$bindViewModel: [accelerometer] speed:30.500572,speedAccuracy:1.7213496,hasSpeedAccuracy:true,interval:1000,acceleration:1.2789764
2022-10-21T17:20:50.960 D/OffWorkView$bindViewModel: [accelerometer] speed:31.000883,speedAccuracy:1.7226092,hasSpeedAccuracy:true,interval:1000,acceleration:0.5003109
2022-10-21T17:20:51.939 D/OffWorkView$bindViewModel: [accelerometer] speed:32.093754,speedAccuracy:1.7307616,hasSpeedAccuracy:true,interval:1000,acceleration:1.0928707
2022-10-21T17:20:52.932 D/OffWorkView$bindViewModel: [accelerometer] speed:31.392712,speedAccuracy:1.5645735,hasSpeedAccuracy:true,interval:1000,acceleration:-0.7010422
2022-10-21T17:20:53.940 D/OffWorkView$bindViewModel: [accelerometer] speed:32.427277,speedAccuracy:1.5033021,hasSpeedAccuracy:true,interval:1000,acceleration:1.034565
2022-10-21T17:20:54.915 D/OffWorkView$bindViewModel: [accelerometer] speed:31.704252,speedAccuracy:1.5522974,hasSpeedAccuracy:true,interval:1000,acceleration:-0.72302437
2022-10-21T17:20:55.919 D/OffWorkView$bindViewModel: [accelerometer] speed:28.885208,speedAccuracy:1.2370825,hasSpeedAccuracy:true,interval:1000,acceleration:-2.819044
2022-10-21T17:20:56.923 D/OffWorkView$bindViewModel: [accelerometer] speed:28.481531,speedAccuracy:1.2152654,hasSpeedAccuracy:true,interval:1000,acceleration:-0.403677
2022-10-21T17:20:57.919 D/OffWorkView$bindViewModel: [accelerometer] speed:27.55431,speedAccuracy:1.2127085,hasSpeedAccuracy:true,interval:1000,acceleration:-0.9272213
2022-10-21T17:20:58.940 D/OffWorkView$bindViewModel: [accelerometer] speed:25.76553,speedAccuracy:1.2336395,hasSpeedAccuracy:true,interval:1000,acceleration:-1.7887802
2022-10-21T17:20:59.939 D/OffWorkView$bindViewModel: [accelerometer] speed:22.082272,speedAccuracy:1.4006639,hasSpeedAccuracy:true,interval:1000,acceleration:-3.683258
2022-10-21T17:21:00.951 D/OffWorkView$bindViewModel: [accelerometer] speed:19.143229,speedAccuracy:1.5738884,hasSpeedAccuracy:true,interval:1000,acceleration:-2.939043
2022-10-21T17:21:01.966 D/OffWorkView$bindViewModel: [accelerometer] speed:16.915007,speedAccuracy:1.7600294,hasSpeedAccuracy:true,interval:1000,acceleration:-2.228222
2022-10-21T17:21:02.940 D/OffWorkView$bindViewModel: [accelerometer] speed:13.450708,speedAccuracy:1.9483682,hasSpeedAccuracy:true,interval:1000,acceleration:-3.4642982
2022-10-21T17:21:03.938 D/OffWorkView$bindViewModel: [accelerometer] speed:11.926184,speedAccuracy:1.8757267,hasSpeedAccuracy:true,interval:2000,acceleration:-2.4944115
2022-10-21T17:21:04.932 D/OffWorkView$bindViewModel: [accelerometer] speed:9.994315,speedAccuracy:3.5819595,hasSpeedAccuracy:true,interval:3000,acceleration:-2.3068972
2022-10-21T17:21:05.918 D/OffWorkView$bindViewModel: [accelerometer] speed:1.4303007,speedAccuracy:3.978393,hasSpeedAccuracy:true,interval:4000,acceleration:-3.8711765
2022-10-21T17:21:06.942 D/OffWorkView$bindViewModel: [accelerometer] speed:0.0027875775,speedAccuracy:2.6338866,hasSpeedAccuracy:true,interval:5000,acceleration:-3.382444
2022-10-21T17:21:07.914 D/OffWorkView$bindViewModel: [accelerometer] speed:0.0027317968,speedAccuracy:3.4120002,hasSpeedAccuracy:true,interval:6000,acceleration:-2.8187125
2022-10-21T17:21:08.818 D/OffWorkView$bindViewModel: [accelerometer] speed:0.0041902126,speedAccuracy:3.4120002,hasSpeedAccuracy:true,interval:8331,acceleration:-2.0298662
2022-10-21T17:21:08.942 D/OffWorkView$bindViewModel: [accelerometer] speed:1.0009508,speedAccuracy:2.6968343,hasSpeedAccuracy:true,interval:7000,acceleration:-2.2734365
2022-10-21T17:21:09.924 D/OffWorkView$bindViewModel: [accelerometer] speed:0.22563857,speedAccuracy:1.5860279,hasSpeedAccuracy:true,interval:8000,acceleration:-2.086171
2022-10-21T17:21:10.935 D/OffWorkView$bindViewModel: [accelerometer] speed:0.012824993,speedAccuracy:1.5822318,hasSpeedAccuracy:true,interval:1000,acceleration:-0.21281357
2022-10-21T17:21:11.925 D/OffWorkView$bindViewModel: [accelerometer] speed:8.173205E-4,speedAccuracy:1.5620215,hasSpeedAccuracy:true,interval:1000,acceleration:-0.012007672
2022-10-21T17:21:12.952 D/OffWorkView$bindViewModel: [accelerometer] speed:7.16652E-4,speedAccuracy:1.9024692,hasSpeedAccuracy:true,interval:1000,acceleration:-1.0066846E-4
2022-10-21T17:21:13.947 D/OffWorkView$bindViewModel: [accelerometer] speed:3.3052612E-4,speedAccuracy:1.3799098,hasSpeedAccuracy:true,interval:2000,acceleration:-2.4339718E-4
2022-10-21T17:21:14.938 D/OffWorkView$bindViewModel: [accelerometer] speed:1.54585E-4,speedAccuracy:1.8201444,hasSpeedAccuracy:true,interval:1000,acceleration:-1.7594112E-4
2022-10-21T17:21:15.916 D/OffWorkView$bindViewModel: [accelerometer] speed:1.6699982E-4,speedAccuracy:2.0155246,hasSpeedAccuracy:true,interval:2000,acceleration:-8.176315E-5
2022-10-21T17:21:16.919 D/OffWorkView$bindViewModel: [accelerometer] speed:0.77745605,speedAccuracy:1.9514995,hasSpeedAccuracy:true,interval:3000,acceleration:0.25904185
2022-10-21T17:21:17.921 D/OffWorkView$bindViewModel: [accelerometer] speed:1.5645541,speedAccuracy:1.8155466,hasSpeedAccuracy:true,interval:4000,acceleration:0.39105588
2022-10-21T17:21:18.928 D/OffWorkView$bindViewModel: [accelerometer] speed:1.7074599,speedAccuracy:1.7640941,hasSpeedAccuracy:true,interval:5000,acceleration:0.3414259
2022-10-21T17:21:19.916 D/OffWorkView$bindViewModel: [accelerometer] speed:1.7027725,speedAccuracy:1.7640941,hasSpeedAccuracy:true,interval:2826,acceleration:-0.0016586796
2022-10-21T17:21:20.922 D/OffWorkView$bindViewModel: [accelerometer] speed:2.7358088,speedAccuracy:0.43037996,hasSpeedAccuracy:true,interval:-826,acceleration:-1.2506493
2022-10-21T17:21:21.920 D/OffWorkView$bindViewModel: [accelerometer] speed:0.0074013295,speedAccuracy:1.2166266,hasSpeedAccuracy:true,interval:1000,acceleration:-2.7284076
2022-10-21T17:21:22.923 D/OffWorkView$bindViewModel: [accelerometer] speed:4.291342E-6,speedAccuracy:0.8698365,hasSpeedAccuracy:true,interval:1000,acceleration:-0.007397038
2022-10-21T17:21:23.914 D/OffWorkView$bindViewModel: [accelerometer] speed:3.2482953E-7,speedAccuracy:0.36146963,hasSpeedAccuracy:true,interval:1000,acceleration:-3.9665124E-6
2022-10-21T17:21:24.924 D/OffWorkView$bindViewModel: [accelerometer] speed:1.5232962E-8,speedAccuracy:0.2705156,hasSpeedAccuracy:true,interval:1000,acceleration:-3.0959657E-7
2022-10-21T17:21:25.911 D/OffWorkView$bindViewModel: [accelerometer] speed:1.5910562,speedAccuracy:0.31140313,hasSpeedAccuracy:true,interval:1000,acceleration:1.5910562
2022-10-21T17:21:26.924 D/OffWorkView$bindViewModel: [accelerometer] speed:1.1899511,speedAccuracy:0.3115751,hasSpeedAccuracy:true,interval:1000,acceleration:-0.40110517
2022-10-21T17:21:27.702 D/OffWorkView$bindViewModel: [accelerometer] speed:1.1897867,speedAccuracy:0.3115751,hasSpeedAccuracy:true,interval:2612,acceleration:-6.29363E-5
2022-10-21T17:21:28.919 D/OffWorkView$bindViewModel: [accelerometer] speed:0.017830458,speedAccuracy:2.600549,hasSpeedAccuracy:true,interval:-612,acceleration:1.914961
2022-10-21T17:21:29.908 D/OffWorkView$bindViewModel: [accelerometer] speed:1.0079229,speedAccuracy:2.0385656,hasSpeedAccuracy:true,interval:388,acceleration:-0.4687211
2022-10-21T17:21:32.106 D/OffWorkView$bindViewModel: [accelerometer] speed:1.0167156,speedAccuracy:2.0385656,hasSpeedAccuracy:true,interval:4431,acceleration:-0.039059132

